{"content": {"suites": {"0": {"status": {"total_pass": 29, "total_skip": 0, "total_xpass": 0, "total_xfail": 0, "total_rerun": 0, "total_fail": 2, "total_error": 0}, "tests": {"0": {"status": "PASS", "message": "", "test_name": "test_user_is_on_the_text_box_section", "rerun": "0"}, "1": {"status": "PASS", "message": "", "test_name": "test_checking_full_name_field[ABCDEFGHIJKLMNOPQRSTUVWZYZ]", "rerun": "0"}, "2": {"status": "PASS", "message": "", "test_name": "test_checking_full_name_field[abcdefghijklmnopqrstuvwzyz]", "rerun": "0"}, "3": {"status": "PASS", "message": "", "test_name": "test_checking_full_name_field[1234567890]", "rerun": "0"}, "4": {"status": "PASS", "message": "", "test_name": "test_checking_full_name_field[!@#$%^&*()_+-{}\"|:\"\\xb1\\xa7`,.<>?]", "rerun": "0"}, "5": {"status": "PASS", "message": "", "test_name": "test_checking_email_field", "rerun": "0"}, "6": {"status": "PASS", "message": "", "test_name": "test_checking_current_address_field", "rerun": "0"}, "7": {"status": "PASS", "message": "", "test_name": "test_checking_permanent_address_field", "rerun": "0"}, "8": {"status": "PASS", "message": "", "test_name": "test_checking_disappearing_output_fullname_after_clearing_email_field", "rerun": "0"}, "9": {"status": "PASS", "message": "", "test_name": "test_checking_disappearing_output_email_after_clearing_email_field", "rerun": "0"}, "10": {"status": "PASS", "message": "", "test_name": "test_checking_disappearing_output_current_address_after_clearing_field", "rerun": "0"}, "11": {"status": "PASS", "message": "", "test_name": "test_checking_disappearing_output_permanent_address_after_clearing_field", "rerun": "0"}, "12": {"status": "PASS", "message": "", "test_name": "test_checking_email_field[@mail.com]", "rerun": "0"}, "13": {"status": "PASS", "message": "", "test_name": "test_checking_email_field[123mail.com]", "rerun": "0"}, "14": {"status": "PASS", "message": "", "test_name": "test_checking_email_field[123@.com]", "rerun": "0"}, "15": {"status": "PASS", "message": "", "test_name": "test_checking_email_field[123@mail.c]", "rerun": "0"}, "16": {"status": "PASS", "message": "", "test_name": "test_checking_email_field[123@mail]", "rerun": "0"}, "17": {"status": "PASS", "message": "", "test_name": "test_user_is_on_the_check_box_section", "rerun": "0"}, "18": {"status": "PASS", "message": "", "test_name": "test_clicking_on_checkbox_home", "rerun": "0"}, "19": {"status": "PASS", "message": "", "test_name": "test_appearing_additional_info_after_checking_inbox", "rerun": "0"}, "20": {"status": "PASS", "message": "", "test_name": "test_plus_button", "rerun": "0"}, "21": {"status": "PASS", "message": "", "test_name": "test_minus_button", "rerun": "0"}, "22": {"status": "PASS", "message": "", "test_name": "test_partly_chosen_checkboxes", "rerun": "0"}, "23": {"status": "PASS", "message": "", "test_name": "test_user_on_the_radiobutton_page", "rerun": "0"}, "24": {"status": "PASS", "message": "", "test_name": "test_getting_info_after_checking_radiobutton", "rerun": "0"}, "25": {"status": "PASS", "message": "", "test_name": "test_user_on_the_radiobutton_page", "rerun": "0"}, "26": {"status": "PASS", "message": "", "test_name": "test_registration_form_appears", "rerun": "0"}, "27": {"status": "PASS", "message": "", "test_name": "test_deleting_records", "rerun": "0"}, "28": {"status": "PASS", "message": "", "test_name": "test_adding_button", "rerun": "0"}, "29": {"status": "FAIL", "message": "   selenium.common.exceptions.WebDriverException: Message: unknown error: Cannot construct KeyEvent from non-typeable key\n     (Session info: chrome=99.0.4844.74)\n   Stacktrace:\n   0   chromedriver                        0x0000000101fdc3c9 chromedriver + 5018569\n   1   chromedriver                        0x0000000101f67333 chromedriver + 4539187\n   2   chromedriver                        0x0000000101b3ca88 chromedriver + 170632\n   3   chromedriver                        0x0000000101b7904b chromedriver + 417867\n   4   chromedriver                        0x0000000101b9bf7f chromedriver + 561023\n   5   chromedriver                        0x0000000101b6b823 chromedriver + 362531\n   6   chromedriver                        0x0000000101b6ae7b chromedriver + 360059\n   7   chromedriver                        0x0000000101b8e7e2 chromedriver + 505826\n   8   chromedriver                        0x0000000101b65de5 chromedriver + 339429\n   9   chromedriver                        0x0000000101b8e8ee chromedriver + 506094\n   10  chromedriver                        0x0000000101ba1604 chromedriver + 583172\n   11  chromedriver                        0x0000000101b8e6d3 chromedriver + 505555\n   12  chromedriver                        0x0000000101b6495e chromedriver + 334174\n   13  chromedriver                        0x0000000101b65935 chromedriver + 338229\n   14  chromedriver                        0x0000000101f981ee chromedriver + 4739566\n   15  chromedriver                        0x0000000101fb1f51 chromedriver + 4845393\n   16  chromedriver                        0x0000000101fb7928 chromedriver + 4868392\n   17  chromedriver                        0x0000000101fb2a7a chromedriver + 4848250\n   18  chromedriver                        0x0000000101f8cc31 chromedriver + 4693041\n   19  chromedriver                        0x0000000101fcd978 chromedriver + 4958584\n   20  chromedriver                        0x0000000101fcdb01 chromedriver + 4958977\n   21  chromedriver                        0x0000000101fe3795 chromedriver + 5048213\n   22  libsystem_pthread.dylib             0x00007fff6fc93109 _pthread_start + 148\n   23  libsystem_pthread.dylib             0x00007fff6fc8eb8b thread_start + 15\n", "test_name": "test_searching", "rerun": "0"}, "30": {"status": "FAIL", "message": "   selenium.common.exceptions.WebDriverException: Message: unknown error: Cannot construct KeyEvent from non-typeable key\n     (Session info: chrome=99.0.4844.74)\n   Stacktrace:\n   0   chromedriver                        0x00000001008d13c9 chromedriver + 5018569\n   1   chromedriver                        0x000000010085c333 chromedriver + 4539187\n   2   chromedriver                        0x0000000100431a88 chromedriver + 170632\n   3   chromedriver                        0x000000010046e04b chromedriver + 417867\n   4   chromedriver                        0x0000000100490f7f chromedriver + 561023\n   5   chromedriver                        0x0000000100460823 chromedriver + 362531\n   6   chromedriver                        0x000000010045fe7b chromedriver + 360059\n   7   chromedriver                        0x00000001004837e2 chromedriver + 505826\n   8   chromedriver                        0x000000010045ade5 chromedriver + 339429\n   9   chromedriver                        0x00000001004838ee chromedriver + 506094\n   10  chromedriver                        0x0000000100496604 chromedriver + 583172\n   11  chromedriver                        0x00000001004836d3 chromedriver + 505555\n   12  chromedriver                        0x000000010045995e chromedriver + 334174\n   13  chromedriver                        0x000000010045a935 chromedriver + 338229\n   14  chromedriver                        0x000000010088d1ee chromedriver + 4739566\n   15  chromedriver                        0x00000001008a6f51 chromedriver + 4845393\n   16  chromedriver                        0x00000001008ac928 chromedriver + 4868392\n   17  chromedriver                        0x00000001008a7a7a chromedriver + 4848250\n   18  chromedriver                        0x0000000100881c31 chromedriver + 4693041\n   19  chromedriver                        0x00000001008c2978 chromedriver + 4958584\n   20  chromedriver                        0x00000001008c2b01 chromedriver + 4958977\n   21  chromedriver                        0x00000001008d8795 chromedriver + 5048213\n   22  libsystem_pthread.dylib             0x00007fff6fc93109 _pthread_start + 148\n   23  libsystem_pthread.dylib             0x00007fff6fc8eb8b thread_start + 15\n", "test_name": "test_adding_new_record", "rerun": "0"}}, "suite_name": "Tests/tests_ElementsPage/test_ElementsPage.py"}, "1": {"suite_name": "Tests/tests_MainPage/test_MainPage.py", "tests": {"0": {"status": "PASS", "message": "", "test_name": "test_user_on_the_main_page", "rerun": "0"}, "1": {"status": "PASS", "message": "", "test_name": "test_redirection_to_the_main_page_after_clicking_on_logo", "rerun": "0"}, "2": {"status": "PASS", "message": "", "test_name": "test_redirection_to_selenium_cert_training_page_by_clicking_on_banner", "rerun": "0"}, "3": {"status": "PASS", "message": "", "test_name": "test_checking_sections", "rerun": "0"}, "4": {"status": "PASS", "message": "", "test_name": "test_redirections_to_elements_page", "rerun": "0"}, "5": {"status": "PASS", "message": "", "test_name": "test_redirections_to_forms_page", "rerun": "0"}, "6": {"status": "PASS", "message": "", "test_name": "test_redirections_to_alerts_frames_page", "rerun": "0"}, "7": {"status": "PASS", "message": "", "test_name": "test_redirections_to_widgets_page", "rerun": "0"}, "8": {"status": "PASS", "message": "", "test_name": "test_redirections_to_interactions", "rerun": "0"}, "9": {"status": "PASS", "message": "", "test_name": "test_redirections_to_book_store_page", "rerun": "0"}}, "status": {"total_pass": 10, "total_skip": 0, "total_xpass": 0, "total_xfail": 0, "total_rerun": 0, "total_fail": 0, "total_error": 0}}}}, "date": "March 19, 2022", "start_time": 1647721275.922869, "total_suite": 2, "status": "FAIL", "status_list": {"pass": "39", "fail": "2", "skip": "0", "error": "0", "xpass": "0", "xfail": "0", "rerun": "0"}, "total_tests": "41"}