{"content": {"suites": {"0": {"status": {"total_pass": 2, "total_skip": 0, "total_xpass": 0, "total_xfail": 0, "total_rerun": 0, "total_fail": 5, "total_error": 0}, "tests": {"0": {"status": "PASS", "message": "", "test_name": "test_user_is_on_the_text_box_section", "rerun": "0"}, "1": {"status": "FAIL", "message": "   selenium.common.exceptions.WebDriverException: Message: unknown error: Cannot construct KeyEvent from non-typeable key\n     (Session info: headless chrome=99.0.4844.74)\n   Stacktrace:\n   0   chromedriver                        0x00000001071133c9 chromedriver + 5018569\n   1   chromedriver                        0x000000010709e333 chromedriver + 4539187\n   2   chromedriver                        0x0000000106c73a88 chromedriver + 170632\n   3   chromedriver                        0x0000000106cb004b chromedriver + 417867\n   4   chromedriver                        0x0000000106cd2f7f chromedriver + 561023\n   5   chromedriver                        0x0000000106ca2823 chromedriver + 362531\n   6   chromedriver                        0x0000000106ca1e7b chromedriver + 360059\n   7   chromedriver                        0x0000000106cc57e2 chromedriver + 505826\n   8   chromedriver                        0x0000000106c9cde5 chromedriver + 339429\n   9   chromedriver                        0x0000000106cc58ee chromedriver + 506094\n   10  chromedriver                        0x0000000106cd8604 chromedriver + 583172\n   11  chromedriver                        0x0000000106cc56d3 chromedriver + 505555\n   12  chromedriver                        0x0000000106c9b95e chromedriver + 334174\n   13  chromedriver                        0x0000000106c9c935 chromedriver + 338229\n   14  chromedriver                        0x00000001070cf1ee chromedriver + 4739566\n   15  chromedriver                        0x00000001070e8f51 chromedriver + 4845393\n   16  chromedriver                        0x00000001070ee928 chromedriver + 4868392\n   17  chromedriver                        0x00000001070e9a7a chromedriver + 4848250\n   18  chromedriver                        0x00000001070c3c31 chromedriver + 4693041\n   19  chromedriver                        0x0000000107104978 chromedriver + 4958584\n   20  chromedriver                        0x0000000107104b01 chromedriver + 4958977\n   21  chromedriver                        0x000000010711a795 chromedriver + 5048213\n   22  libsystem_pthread.dylib             0x00007fff6fc93109 _pthread_start + 148\n   23  libsystem_pthread.dylib             0x00007fff6fc8eb8b thread_start + 15\n", "test_name": "test_checking_full_name_field[ABCDEFGHIJKLMNOPQRSTUVWZYZ]", "rerun": "0"}, "2": {"status": "FAIL", "message": "   selenium.common.exceptions.WebDriverException: Message: unknown error: Cannot construct KeyEvent from non-typeable key\n     (Session info: headless chrome=99.0.4844.74)\n   Stacktrace:\n   0   chromedriver                        0x000000010fad73c9 chromedriver + 5018569\n   1   chromedriver                        0x000000010fa62333 chromedriver + 4539187\n   2   chromedriver                        0x000000010f637a88 chromedriver + 170632\n   3   chromedriver                        0x000000010f67404b chromedriver + 417867\n   4   chromedriver                        0x000000010f696f7f chromedriver + 561023\n   5   chromedriver                        0x000000010f666823 chromedriver + 362531\n   6   chromedriver                        0x000000010f665e7b chromedriver + 360059\n   7   chromedriver                        0x000000010f6897e2 chromedriver + 505826\n   8   chromedriver                        0x000000010f660de5 chromedriver + 339429\n   9   chromedriver                        0x000000010f6898ee chromedriver + 506094\n   10  chromedriver                        0x000000010f69c604 chromedriver + 583172\n   11  chromedriver                        0x000000010f6896d3 chromedriver + 505555\n   12  chromedriver                        0x000000010f65f95e chromedriver + 334174\n   13  chromedriver                        0x000000010f660935 chromedriver + 338229\n   14  chromedriver                        0x000000010fa931ee chromedriver + 4739566\n   15  chromedriver                        0x000000010faacf51 chromedriver + 4845393\n   16  chromedriver                        0x000000010fab2928 chromedriver + 4868392\n   17  chromedriver                        0x000000010faada7a chromedriver + 4848250\n   18  chromedriver                        0x000000010fa87c31 chromedriver + 4693041\n   19  chromedriver                        0x000000010fac8978 chromedriver + 4958584\n   20  chromedriver                        0x000000010fac8b01 chromedriver + 4958977\n   21  chromedriver                        0x000000010fade795 chromedriver + 5048213\n   22  libsystem_pthread.dylib             0x00007fff6fc93109 _pthread_start + 148\n   23  libsystem_pthread.dylib             0x00007fff6fc8eb8b thread_start + 15\n", "test_name": "test_checking_full_name_field[abcdefghijklmnopqrstuvwzyz]", "rerun": "0"}, "3": {"status": "PASS", "message": "", "test_name": "test_checking_full_name_field[1234567890]", "rerun": "0"}, "4": {"status": "FAIL", "message": "   selenium.common.exceptions.WebDriverException: Message: unknown error: Cannot construct KeyEvent from non-typeable key\n     (Session info: headless chrome=99.0.4844.74)\n   Stacktrace:\n   0   chromedriver                        0x000000010618d3c9 chromedriver + 5018569\n   1   chromedriver                        0x0000000106118333 chromedriver + 4539187\n   2   chromedriver                        0x0000000105ceda88 chromedriver + 170632\n   3   chromedriver                        0x0000000105d2a04b chromedriver + 417867\n   4   chromedriver                        0x0000000105d4cf7f chromedriver + 561023\n   5   chromedriver                        0x0000000105d1c823 chromedriver + 362531\n   6   chromedriver                        0x0000000105d1be7b chromedriver + 360059\n   7   chromedriver                        0x0000000105d3f7e2 chromedriver + 505826\n   8   chromedriver                        0x0000000105d16de5 chromedriver + 339429\n   9   chromedriver                        0x0000000105d3f8ee chromedriver + 506094\n   10  chromedriver                        0x0000000105d52604 chromedriver + 583172\n   11  chromedriver                        0x0000000105d3f6d3 chromedriver + 505555\n   12  chromedriver                        0x0000000105d1595e chromedriver + 334174\n   13  chromedriver                        0x0000000105d16935 chromedriver + 338229\n   14  chromedriver                        0x00000001061491ee chromedriver + 4739566\n   15  chromedriver                        0x0000000106162f51 chromedriver + 4845393\n   16  chromedriver                        0x0000000106168928 chromedriver + 4868392\n   17  chromedriver                        0x0000000106163a7a chromedriver + 4848250\n   18  chromedriver                        0x000000010613dc31 chromedriver + 4693041\n   19  chromedriver                        0x000000010617e978 chromedriver + 4958584\n   20  chromedriver                        0x000000010617eb01 chromedriver + 4958977\n   21  chromedriver                        0x0000000106194795 chromedriver + 5048213\n   22  libsystem_pthread.dylib             0x00007fff6fc93109 _pthread_start + 148\n   23  libsystem_pthread.dylib             0x00007fff6fc8eb8b thread_start + 15\n", "test_name": "test_checking_full_name_field[!@#$%^&*()_+-{}\"|:\"\\xb1\\xa7`,.<>?]", "rerun": "0"}, "5": {"status": "FAIL", "message": "   selenium.common.exceptions.WebDriverException: Message: unknown error: Cannot construct KeyEvent from non-typeable key\n     (Session info: headless chrome=99.0.4844.74)\n   Stacktrace:\n   0   chromedriver                        0x000000010b5fb3c9 chromedriver + 5018569\n   1   chromedriver                        0x000000010b586333 chromedriver + 4539187\n   2   chromedriver                        0x000000010b15ba88 chromedriver + 170632\n   3   chromedriver                        0x000000010b19804b chromedriver + 417867\n   4   chromedriver                        0x000000010b1baf7f chromedriver + 561023\n   5   chromedriver                        0x000000010b18a823 chromedriver + 362531\n   6   chromedriver                        0x000000010b189e7b chromedriver + 360059\n   7   chromedriver                        0x000000010b1ad7e2 chromedriver + 505826\n   8   chromedriver                        0x000000010b184de5 chromedriver + 339429\n   9   chromedriver                        0x000000010b1ad8ee chromedriver + 506094\n   10  chromedriver                        0x000000010b1c0604 chromedriver + 583172\n   11  chromedriver                        0x000000010b1ad6d3 chromedriver + 505555\n   12  chromedriver                        0x000000010b18395e chromedriver + 334174\n   13  chromedriver                        0x000000010b184935 chromedriver + 338229\n   14  chromedriver                        0x000000010b5b71ee chromedriver + 4739566\n   15  chromedriver                        0x000000010b5d0f51 chromedriver + 4845393\n   16  chromedriver                        0x000000010b5d6928 chromedriver + 4868392\n   17  chromedriver                        0x000000010b5d1a7a chromedriver + 4848250\n   18  chromedriver                        0x000000010b5abc31 chromedriver + 4693041\n   19  chromedriver                        0x000000010b5ec978 chromedriver + 4958584\n   20  chromedriver                        0x000000010b5ecb01 chromedriver + 4958977\n   21  chromedriver                        0x000000010b602795 chromedriver + 5048213\n   22  libsystem_pthread.dylib             0x00007fff6fc93109 _pthread_start + 148\n   23  libsystem_pthread.dylib             0x00007fff6fc8eb8b thread_start + 15\n", "test_name": "test_checking_email_field", "rerun": "0"}, "6": {"status": "FAIL", "message": "   selenium.common.exceptions.WebDriverException: Message: unknown error: Cannot construct KeyEvent from non-typeable key\n     (Session info: headless chrome=99.0.4844.74)\n   Stacktrace:\n   0   chromedriver                        0x000000010d6c13c9 chromedriver + 5018569\n   1   chromedriver                        0x000000010d64c333 chromedriver + 4539187\n   2   chromedriver                        0x000000010d221a88 chromedriver + 170632\n   3   chromedriver                        0x000000010d25e04b chromedriver + 417867\n   4   chromedriver                        0x000000010d280f7f chromedriver + 561023\n   5   chromedriver                        0x000000010d250823 chromedriver + 362531\n   6   chromedriver                        0x000000010d24fe7b chromedriver + 360059\n   7   chromedriver                        0x000000010d2737e2 chromedriver + 505826\n   8   chromedriver                        0x000000010d24ade5 chromedriver + 339429\n   9   chromedriver                        0x000000010d2738ee chromedriver + 506094\n   10  chromedriver                        0x000000010d286604 chromedriver + 583172\n   11  chromedriver                        0x000000010d2736d3 chromedriver + 505555\n   12  chromedriver                        0x000000010d24995e chromedriver + 334174\n   13  chromedriver                        0x000000010d24a935 chromedriver + 338229\n   14  chromedriver                        0x000000010d67d1ee chromedriver + 4739566\n   15  chromedriver                        0x000000010d696f51 chromedriver + 4845393\n   16  chromedriver                        0x000000010d69c928 chromedriver + 4868392\n   17  chromedriver                        0x000000010d697a7a chromedriver + 4848250\n   18  chromedriver                        0x000000010d671c31 chromedriver + 4693041\n   19  chromedriver                        0x000000010d6b2978 chromedriver + 4958584\n   20  chromedriver                        0x000000010d6b2b01 chromedriver + 4958977\n   21  chromedriver                        0x000000010d6c8795 chromedriver + 5048213\n   22  libsystem_pthread.dylib             0x00007fff6fc93109 _pthread_start + 148\n   23  libsystem_pthread.dylib             0x00007fff6fc8eb8b thread_start + 15\n", "test_name": "test_checking_current_address_field", "rerun": "0"}}, "suite_name": "Tests/tests_ElementsPage/test_ElementsPage.py"}}}, "date": "March 19, 2022", "start_time": 1647720596.1271691, "total_suite": 1, "status": "FAIL", "status_list": {"pass": "2", "fail": "5", "skip": "0", "error": "0", "xpass": "0", "xfail": "0", "rerun": "0"}, "total_tests": "7"}