{"content": {"suites": {"0": {"status": {"total_pass": 2, "total_skip": 0, "total_xpass": 0, "total_xfail": 0, "total_rerun": 0, "total_fail": 2, "total_error": 0}, "tests": {"0": {"status": "PASS", "message": "", "test_name": "test_user_is_on_the_text_box_section", "rerun": "0"}, "1": {"status": "FAIL", "message": "   selenium.common.exceptions.WebDriverException: Message: unknown error: Cannot construct KeyEvent from non-typeable key\n     (Session info: headless chrome=99.0.4844.74)\n   Stacktrace:\n   0   chromedriver                        0x000000010ebe93c9 chromedriver + 5018569\n   1   chromedriver                        0x000000010eb74333 chromedriver + 4539187\n   2   chromedriver                        0x000000010e749a88 chromedriver + 170632\n   3   chromedriver                        0x000000010e78604b chromedriver + 417867\n   4   chromedriver                        0x000000010e7a8f7f chromedriver + 561023\n   5   chromedriver                        0x000000010e778823 chromedriver + 362531\n   6   chromedriver                        0x000000010e777e7b chromedriver + 360059\n   7   chromedriver                        0x000000010e79b7e2 chromedriver + 505826\n   8   chromedriver                        0x000000010e772de5 chromedriver + 339429\n   9   chromedriver                        0x000000010e79b8ee chromedriver + 506094\n   10  chromedriver                        0x000000010e7ae604 chromedriver + 583172\n   11  chromedriver                        0x000000010e79b6d3 chromedriver + 505555\n   12  chromedriver                        0x000000010e77195e chromedriver + 334174\n   13  chromedriver                        0x000000010e772935 chromedriver + 338229\n   14  chromedriver                        0x000000010eba51ee chromedriver + 4739566\n   15  chromedriver                        0x000000010ebbef51 chromedriver + 4845393\n   16  chromedriver                        0x000000010ebc4928 chromedriver + 4868392\n   17  chromedriver                        0x000000010ebbfa7a chromedriver + 4848250\n   18  chromedriver                        0x000000010eb99c31 chromedriver + 4693041\n   19  chromedriver                        0x000000010ebda978 chromedriver + 4958584\n   20  chromedriver                        0x000000010ebdab01 chromedriver + 4958977\n   21  chromedriver                        0x000000010ebf0795 chromedriver + 5048213\n   22  libsystem_pthread.dylib             0x00007fff69380109 _pthread_start + 148\n   23  libsystem_pthread.dylib             0x00007fff6937bb8b thread_start + 15\n", "test_name": "test_checking_full_name_field[ABCDEFGHIJKLMNOPQRSTUVWZYZ]", "rerun": "0"}, "2": {"status": "FAIL", "message": "   selenium.common.exceptions.WebDriverException: Message: unknown error: Cannot construct KeyEvent from non-typeable key\n     (Session info: headless chrome=99.0.4844.74)\n   Stacktrace:\n   0   chromedriver                        0x0000000101fed3c9 chromedriver + 5018569\n   1   chromedriver                        0x0000000101f78333 chromedriver + 4539187\n   2   chromedriver                        0x0000000101b4da88 chromedriver + 170632\n   3   chromedriver                        0x0000000101b8a04b chromedriver + 417867\n   4   chromedriver                        0x0000000101bacf7f chromedriver + 561023\n   5   chromedriver                        0x0000000101b7c823 chromedriver + 362531\n   6   chromedriver                        0x0000000101b7be7b chromedriver + 360059\n   7   chromedriver                        0x0000000101b9f7e2 chromedriver + 505826\n   8   chromedriver                        0x0000000101b76de5 chromedriver + 339429\n   9   chromedriver                        0x0000000101b9f8ee chromedriver + 506094\n   10  chromedriver                        0x0000000101bb2604 chromedriver + 583172\n   11  chromedriver                        0x0000000101b9f6d3 chromedriver + 505555\n   12  chromedriver                        0x0000000101b7595e chromedriver + 334174\n   13  chromedriver                        0x0000000101b76935 chromedriver + 338229\n   14  chromedriver                        0x0000000101fa91ee chromedriver + 4739566\n   15  chromedriver                        0x0000000101fc2f51 chromedriver + 4845393\n   16  chromedriver                        0x0000000101fc8928 chromedriver + 4868392\n   17  chromedriver                        0x0000000101fc3a7a chromedriver + 4848250\n   18  chromedriver                        0x0000000101f9dc31 chromedriver + 4693041\n   19  chromedriver                        0x0000000101fde978 chromedriver + 4958584\n   20  chromedriver                        0x0000000101fdeb01 chromedriver + 4958977\n   21  chromedriver                        0x0000000101ff4795 chromedriver + 5048213\n   22  libsystem_pthread.dylib             0x00007fff69380109 _pthread_start + 148\n   23  libsystem_pthread.dylib             0x00007fff6937bb8b thread_start + 15\n", "test_name": "test_checking_full_name_field[abcdefghijklmnopqrstuvwzyz]", "rerun": "0"}, "3": {"status": "PASS", "message": "", "test_name": "test_checking_full_name_field[1234567890]", "rerun": "0"}}, "suite_name": "Tests/tests_ElementsPage/test_ElementsPage.py"}}}, "date": "March 17, 2022", "start_time": 1647519560.063498, "total_suite": 1, "status": "FAIL", "status_list": {"pass": "2", "fail": "2", "skip": "0", "error": "0", "xpass": "0", "xfail": "0", "rerun": "0"}, "total_tests": "4"}