{"content": {"suites": {"0": {"status": {"total_pass": 2, "total_skip": 0, "total_xpass": 0, "total_xfail": 0, "total_rerun": 0, "total_fail": 2, "total_error": 0}, "tests": {"0": {"status": "PASS", "message": "", "test_name": "test_user_is_on_the_text_box_section", "rerun": "0"}, "1": {"status": "FAIL", "message": "   selenium.common.exceptions.WebDriverException: Message: unknown error: Cannot construct KeyEvent from non-typeable key\n     (Session info: headless chrome=99.0.4844.74)\n   Stacktrace:\n   0   chromedriver                        0x00000001074033c9 chromedriver + 5018569\n   1   chromedriver                        0x000000010738e333 chromedriver + 4539187\n   2   chromedriver                        0x0000000106f63a88 chromedriver + 170632\n   3   chromedriver                        0x0000000106fa004b chromedriver + 417867\n   4   chromedriver                        0x0000000106fc2f7f chromedriver + 561023\n   5   chromedriver                        0x0000000106f92823 chromedriver + 362531\n   6   chromedriver                        0x0000000106f91e7b chromedriver + 360059\n   7   chromedriver                        0x0000000106fb57e2 chromedriver + 505826\n   8   chromedriver                        0x0000000106f8cde5 chromedriver + 339429\n   9   chromedriver                        0x0000000106fb58ee chromedriver + 506094\n   10  chromedriver                        0x0000000106fc8604 chromedriver + 583172\n   11  chromedriver                        0x0000000106fb56d3 chromedriver + 505555\n   12  chromedriver                        0x0000000106f8b95e chromedriver + 334174\n   13  chromedriver                        0x0000000106f8c935 chromedriver + 338229\n   14  chromedriver                        0x00000001073bf1ee chromedriver + 4739566\n   15  chromedriver                        0x00000001073d8f51 chromedriver + 4845393\n   16  chromedriver                        0x00000001073de928 chromedriver + 4868392\n   17  chromedriver                        0x00000001073d9a7a chromedriver + 4848250\n   18  chromedriver                        0x00000001073b3c31 chromedriver + 4693041\n   19  chromedriver                        0x00000001073f4978 chromedriver + 4958584\n   20  chromedriver                        0x00000001073f4b01 chromedriver + 4958977\n   21  chromedriver                        0x000000010740a795 chromedriver + 5048213\n   22  libsystem_pthread.dylib             0x00007fff6fc93109 _pthread_start + 148\n   23  libsystem_pthread.dylib             0x00007fff6fc8eb8b thread_start + 15\n", "test_name": "test_checking_full_name_field[ABCDEFGHIJKLMNOPQRSTUVWZYZ]", "rerun": "0"}, "2": {"status": "FAIL", "message": "   selenium.common.exceptions.WebDriverException: Message: unknown error: Cannot construct KeyEvent from non-typeable key\n     (Session info: headless chrome=99.0.4844.74)\n   Stacktrace:\n   0   chromedriver                        0x00000001103663c9 chromedriver + 5018569\n   1   chromedriver                        0x00000001102f1333 chromedriver + 4539187\n   2   chromedriver                        0x000000010fec6a88 chromedriver + 170632\n   3   chromedriver                        0x000000010ff0304b chromedriver + 417867\n   4   chromedriver                        0x000000010ff25f7f chromedriver + 561023\n   5   chromedriver                        0x000000010fef5823 chromedriver + 362531\n   6   chromedriver                        0x000000010fef4e7b chromedriver + 360059\n   7   chromedriver                        0x000000010ff187e2 chromedriver + 505826\n   8   chromedriver                        0x000000010feefde5 chromedriver + 339429\n   9   chromedriver                        0x000000010ff188ee chromedriver + 506094\n   10  chromedriver                        0x000000010ff2b604 chromedriver + 583172\n   11  chromedriver                        0x000000010ff186d3 chromedriver + 505555\n   12  chromedriver                        0x000000010feee95e chromedriver + 334174\n   13  chromedriver                        0x000000010feef935 chromedriver + 338229\n   14  chromedriver                        0x00000001103221ee chromedriver + 4739566\n   15  chromedriver                        0x000000011033bf51 chromedriver + 4845393\n   16  chromedriver                        0x0000000110341928 chromedriver + 4868392\n   17  chromedriver                        0x000000011033ca7a chromedriver + 4848250\n   18  chromedriver                        0x0000000110316c31 chromedriver + 4693041\n   19  chromedriver                        0x0000000110357978 chromedriver + 4958584\n   20  chromedriver                        0x0000000110357b01 chromedriver + 4958977\n   21  chromedriver                        0x000000011036d795 chromedriver + 5048213\n   22  libsystem_pthread.dylib             0x00007fff6fc93109 _pthread_start + 148\n   23  libsystem_pthread.dylib             0x00007fff6fc8eb8b thread_start + 15\n", "test_name": "test_checking_full_name_field[abcdefghijklmnopqrstuvwzyz]", "rerun": "0"}, "3": {"status": "PASS", "message": "", "test_name": "test_checking_full_name_field[1234567890]", "rerun": "0"}}, "suite_name": "Tests/tests_ElementsPage/test_ElementsPage.py"}}}, "date": "March 19, 2022", "start_time": 1647720372.0354052, "total_suite": 1, "status": "FAIL", "status_list": {"pass": "2", "fail": "2", "skip": "0", "error": "0", "xpass": "0", "xfail": "0", "rerun": "0"}, "total_tests": "4"}